\BOOKMARK [1][-]{section.1}{\376\377\133\236\232\214\166\356\166\204}{}% 1
\BOOKMARK [1][-]{section.2}{\376\377\213\276\213\241\145\271\150\110}{}% 2
\BOOKMARK [2][-]{subsection.2.1}{\376\377\000A\000L\000U}{section.2}% 3
\BOOKMARK [2][-]{subsection.2.2}{\376\377\123\125\124\150\147\037\145\160\143\156\220\032\215\357}{section.2}% 4
\BOOKMARK [2][-]{subsection.2.3}{\376\377\155\101\154\064\176\277\145\160\143\156\220\032\215\357}{section.2}% 5
\BOOKMARK [3][-]{subsubsection.2.3.1}{\376\377\133\371\123\125\124\150\147\037\165\065\215\357\166\204\166\364\143\245\214\003\145\164}{subsection.2.3}% 6
\BOOKMARK [3][-]{subsubsection.2.3.2}{\376\377\153\265\225\364\133\304\133\130\126\150}{subsection.2.3}% 7
\BOOKMARK [3][-]{subsubsection.2.3.3}{\376\377\121\222\226\151\150\300\155\113\165\065\215\357}{subsection.2.3}% 8
\BOOKMARK [3][-]{subsubsection.2.3.4}{\376\377\176\306\202\202}{subsection.2.3}% 9
\BOOKMARK [2][-]{subsection.2.4}{\376\377\131\026\213\276}{section.2}% 10
\BOOKMARK [3][-]{subsubsection.2.4.1}{\376\377\000L\000E\000D\160\157}{subsection.2.4}% 11
\BOOKMARK [3][-]{subsubsection.2.4.2}{\376\377\116\003\153\265\145\160\170\001\173\241}{subsection.2.4}% 12
\BOOKMARK [3][-]{subsubsection.2.4.3}{\376\377\000s\000w\000i\000t\000c\000h\137\000\121\163}{subsection.2.4}% 13
\BOOKMARK [3][-]{subsubsection.2.4.4}{\376\377\116\062\123\343}{subsection.2.4}% 14
\BOOKMARK [2][-]{subsection.2.5}{\376\377\154\107\177\026\172\013\136\217\116\016\154\107\177\026\126\150}{section.2}% 15
\BOOKMARK [3][-]{subsubsection.2.5.1}{\376\377\154\107\177\026\172\013\136\217}{subsection.2.5}% 16
\BOOKMARK [3][-]{subsubsection.2.5.2}{\376\377\154\107\177\026\126\150}{subsection.2.5}% 17
\BOOKMARK [1][-]{section.3}{\376\377\121\163\225\056\116\343\170\001\116\016\145\207\116\366\156\005\123\125}{}% 18
\BOOKMARK [1][-]{section.4}{\376\377\116\377\167\037\176\323\147\234\116\016\122\006\147\220}{}% 19
\BOOKMARK [2][-]{subsection.4.1}{\376\377\000A\000L\000U\116\377\167\037}{section.4}% 20
\BOOKMARK [2][-]{subsection.4.2}{\376\377\123\125\124\150\147\037\172\013\136\217\116\377\167\037}{section.4}% 21
\BOOKMARK [3][-]{subsubsection.4.2.1}{\376\377\127\372\147\054\126\333\122\031\217\320\173\227}{subsection.4.2}% 22
\BOOKMARK [3][-]{subsubsection.4.2.2}{\376\377\220\073\217\221\217\320\173\227}{subsection.4.2}% 23
\BOOKMARK [3][-]{subsubsection.4.2.3}{\376\377\171\373\117\115\124\214\177\156\117\115\143\007\116\344}{subsection.4.2}% 24
\BOOKMARK [3][-]{subsubsection.4.2.4}{\376\377\215\363\217\154\143\007\116\344}{subsection.4.2}% 25
\BOOKMARK [3][-]{subsubsection.4.2.5}{\376\377\116\055\145\255\116\016\131\026\213\276}{subsection.4.2}% 26
\BOOKMARK [2][-]{subsection.4.3}{\376\377\155\101\154\064\176\277\116\377\167\037}{section.4}% 27
\BOOKMARK [3][-]{subsubsection.4.3.1}{\376\377\121\222\226\151\116\016\217\154\123\321}{subsection.4.3}% 28
\BOOKMARK [3][-]{subsubsection.4.3.2}{\376\377\000l\000o\000a\000d\000-\000u\000s\000e\131\004\164\006}{subsection.4.3}% 29
\BOOKMARK [3][-]{subsubsection.4.3.3}{\376\377\000b\000r\000a\000n\000c\000h\000\040\143\007\116\344}{subsection.4.3}% 30
\BOOKMARK [3][-]{subsubsection.4.3.4}{\376\377\000j\143\007\116\344}{subsection.4.3}% 31
\BOOKMARK [3][-]{subsubsection.4.3.5}{\376\377\116\055\145\255\124\214\131\026\213\276}{subsection.4.3}% 32
\BOOKMARK [1][-]{section.5}{\376\377\176\374\124\010\140\305\121\265}{}% 33
\BOOKMARK [1][-]{section.6}{\376\377\170\154\116\366\214\003\213\325\140\305\121\265}{}% 34
\BOOKMARK [1][-]{section.7}{\376\377\140\035\140\363\117\123\117\032}{}% 35
\BOOKMARK [2][-]{subsection.7.1}{\376\377\163\213\145\117\206\116}{section.7}% 36
\BOOKMARK [2][-]{subsection.7.2}{\376\377\166\175\224\246\123\132}{section.7}% 37
